============================= test session starts ==============================
platform linux -- Python 3.10.12, pytest-9.0.3, pluggy-1.6.0 -- /usr/bin/python
cachedir: .pytest_cache
metadata: {'Python': '3.10.12', 'Platform': 'Linux-6.8.0-106-generic-x86_64-with-glibc2.35', 'Packages': {'pytest': '9.0.3', 'pluggy': '1.6.0'}, 'Plugins': {'html': '4.2.0', 'metadata': '3.1.1', 'cov': '7.1.0'}}
rootdir: /sessions/lucid-adoring-rubin/qa_repo/api_db_validation
configfile: pytest.ini
plugins: html-4.2.0, metadata-3.1.1, cov-7.1.0
collecting ... collected 17 items

tests/test_api_responses.py::TestCreateUser::test_returns_201_on_valid_input PASSED [  5%]
tests/test_api_responses.py::TestCreateUser::test_response_contains_expected_fields PASSED [ 11%]
tests/test_api_responses.py::TestCreateUser::test_returns_400_when_name_missing PASSED [ 17%]
tests/test_api_responses.py::TestCreateUser::test_returns_400_when_email_missing PASSED [ 23%]
tests/test_api_responses.py::TestCreateUser::test_returns_409_on_duplicate_email PASSED [ 29%]
tests/test_api_responses.py::TestListUsers::test_returns_200_with_empty_list PASSED [ 35%]
tests/test_api_responses.py::TestListUsers::test_returns_created_user_in_list PASSED [ 41%]
tests/test_api_responses.py::TestListUsers::test_deleted_user_excluded_from_list PASSED [ 47%]
tests/test_api_responses.py::TestDeleteUser::test_returns_200_on_valid_delete PASSED [ 52%]
tests/test_api_responses.py::TestDeleteUser::test_returns_404_on_nonexistent_user PASSED [ 58%]
tests/test_api_responses.py::TestDeleteUser::test_returns_404_when_deleting_already_deleted_user PASSED [ 64%]
tests/test_db_integrity.py::TestDBIntegrity::test_no_orphan_subscriptions PASSED [ 70%]
tests/test_db_integrity.py::TestDBIntegrity::test_soft_delete_sets_flag_in_db PASSED [ 76%]
tests/test_db_integrity.py::TestDBIntegrity::test_no_billing_on_deleted_users PASSED [ 82%]
tests/test_db_integrity.py::TestDBIntegrity::test_order_state_machine_no_skip PASSED [ 88%]
tests/test_db_integrity.py::TestDBIntegrity::test_no_temporal_anomalies_in_order_history PASSED [ 94%]
tests/test_db_integrity.py::TestDBIntegrity::test_no_duplicate_active_subscriptions PASSED [100%]

================================ tests coverage ================================
_______________ coverage: platform linux, python 3.10.12-final-0 _______________

Name              Stmts   Miss  Cover   Missing
-----------------------------------------------
app/__init__.py       0      0   100%
app/app.py           59      2    97%   62, 130
-----------------------------------------------
TOTAL                59      2    97%
============================== 17 passed in 0.87s ==============================
